# Logfile created on 2014-02-03 17:26:01 -0800 by logger.rb/41954
I, [2014-02-03T17:26:01.256908 #67402]  INFO -- : 0:  rake (10.1.0) from /Users/hackreactor/.rvm/gems/ruby-2.0.0-p353@shortener/specifications/rake-10.1.0.gemspec
I, [2014-02-03T17:26:02.264924 #67402]  INFO -- : 0:  i18n (0.6.1) from /Users/hackreactor/.rvm/gems/ruby-2.0.0-p353@shortener/specifications/i18n-0.6.1.gemspec
I, [2014-02-03T17:26:03.105191 #67402]  INFO -- : 0:  multi_json (1.7.7) from /Users/hackreactor/.rvm/gems/ruby-2.0.0-p353@shortener/specifications/multi_json-1.7.7.gemspec
I, [2014-02-03T17:26:03.899958 #67402]  INFO -- : 0:  activesupport (3.2.13) from /Users/hackreactor/.rvm/gems/ruby-2.0.0-p353@shortener/specifications/activesupport-3.2.13.gemspec
I, [2014-02-03T17:26:04.683175 #67402]  INFO -- : 0:  builder (3.0.4) from /Users/hackreactor/.rvm/gems/ruby-2.0.0-p353@shortener/specifications/builder-3.0.4.gemspec
I, [2014-02-03T17:26:05.258456 #67402]  INFO -- : 0:  activemodel (3.2.13) from /Users/hackreactor/.rvm/gems/ruby-2.0.0-p353@shortener/specifications/activemodel-3.2.13.gemspec
I, [2014-02-03T17:26:06.191678 #67402]  INFO -- : 0:  arel (3.0.2) from /Users/hackreactor/.rvm/gems/ruby-2.0.0-p353@shortener/specifications/arel-3.0.2.gemspec
I, [2014-02-03T17:26:07.194026 #67402]  INFO -- : 0:  tzinfo (0.3.37) from /Users/hackreactor/.rvm/gems/ruby-2.0.0-p353@shortener/specifications/tzinfo-0.3.37.gemspec
I, [2014-02-03T17:26:08.077207 #67402]  INFO -- : 0:  activerecord (3.2.13) from /Users/hackreactor/.rvm/gems/ruby-2.0.0-p353@shortener/specifications/activerecord-3.2.13.gemspec
I, [2014-02-03T17:26:08.643754 #67402]  INFO -- : 0:  coderay (1.0.9) from /Users/hackreactor/.rvm/gems/ruby-2.0.0-p353@shortener/specifications/coderay-1.0.9.gemspec
I, [2014-02-03T17:26:09.535383 #67402]  INFO -- : 0:  daemons (1.1.9) from /Users/hackreactor/.rvm/gems/ruby-2.0.0-p353@shortener/specifications/daemons-1.1.9.gemspec
I, [2014-02-03T17:26:10.061797 #67402]  INFO -- : 0:  diff-lcs (1.2.4) from /Users/hackreactor/.rvm/gems/ruby-2.0.0-p353@shortener/specifications/diff-lcs-1.2.4.gemspec
I, [2014-02-03T17:26:19.741664 #67402]  INFO -- : 0:  eventmachine (1.0.3) from /Users/hackreactor/.rvm/gems/ruby-2.0.0-p353@shortener/specifications/eventmachine-1.0.3.gemspec
I, [2014-02-03T17:26:20.478595 #67402]  INFO -- : 0:  method_source (0.8.1) from /Users/hackreactor/.rvm/gems/ruby-2.0.0-p353@shortener/specifications/method_source-0.8.1.gemspec
I, [2014-02-03T17:26:20.926639 #67402]  INFO -- : 0:  slop (3.4.5) from /Users/hackreactor/.rvm/gems/ruby-2.0.0-p353@shortener/specifications/slop-3.4.5.gemspec
I, [2014-02-03T17:26:21.737479 #67402]  INFO -- : 0:  pry (0.9.12.2) from /Users/hackreactor/.rvm/gems/ruby-2.0.0-p353@shortener/specifications/pry-0.9.12.2.gemspec
I, [2014-02-03T17:26:22.928138 #67402]  INFO -- : 0:  rack (1.5.2) from /Users/hackreactor/.rvm/gems/ruby-2.0.0-p353@shortener/specifications/rack-1.5.2.gemspec
I, [2014-02-03T17:26:23.385885 #67402]  INFO -- : 0:  rack-protection (1.5.0) from /Users/hackreactor/.rvm/gems/ruby-2.0.0-p353@shortener/specifications/rack-protection-1.5.0.gemspec
I, [2014-02-03T17:26:24.212365 #67402]  INFO -- : 0:  rack-test (0.6.2) from /Users/hackreactor/.rvm/gems/ruby-2.0.0-p353@shortener/specifications/rack-test-0.6.2.gemspec
I, [2014-02-03T17:26:25.796133 #67402]  INFO -- : 0:  rspec-core (2.14.1) from /Users/hackreactor/.rvm/gems/ruby-2.0.0-p353@shortener/specifications/rspec-core-2.14.1.gemspec
I, [2014-02-03T17:26:26.786222 #67402]  INFO -- : 0:  rspec-expectations (2.14.0) from /Users/hackreactor/.rvm/gems/ruby-2.0.0-p353@shortener/specifications/rspec-expectations-2.14.0.gemspec
I, [2014-02-03T17:26:27.960134 #67402]  INFO -- : 0:  rspec-mocks (2.14.1) from /Users/hackreactor/.rvm/gems/ruby-2.0.0-p353@shortener/specifications/rspec-mocks-2.14.1.gemspec
I, [2014-02-03T17:26:28.348952 #67402]  INFO -- : 0:  rspec (2.14.0) from /Users/hackreactor/.rvm/gems/ruby-2.0.0-p353@shortener/specifications/rspec-2.14.0.gemspec
I, [2014-02-03T17:26:29.120682 #67402]  INFO -- : 0:  shotgun (0.9) from /Users/hackreactor/.rvm/gems/ruby-2.0.0-p353@shortener/specifications/shotgun-0.9.gemspec
I, [2014-02-03T17:26:29.863987 #67402]  INFO -- : 0:  tilt (1.4.1) from /Users/hackreactor/.rvm/gems/ruby-2.0.0-p353@shortener/specifications/tilt-1.4.1.gemspec
I, [2014-02-03T17:26:31.356732 #67402]  INFO -- : 0:  sinatra (1.4.3) from /Users/hackreactor/.rvm/gems/ruby-2.0.0-p353@shortener/specifications/sinatra-1.4.3.gemspec
I, [2014-02-03T17:26:32.067098 #67402]  INFO -- : 0:  sinatra-activerecord (1.2.3) from /Users/hackreactor/.rvm/gems/ruby-2.0.0-p353@shortener/specifications/sinatra-activerecord-1.2.3.gemspec
I, [2014-02-03T17:26:34.617062 #67402]  INFO -- : 0:  sqlite3 (1.3.7) from /Users/hackreactor/.rvm/gems/ruby-2.0.0-p353@shortener/specifications/sqlite3-1.3.7.gemspec
I, [2014-02-03T17:26:35.933033 #67402]  INFO -- : 0:  thin (1.6.0) from /Users/hackreactor/.rvm/gems/ruby-2.0.0-p353@shortener/specifications/thin-1.6.0.gemspec
I, [2014-02-03T17:26:35.933543 #67402]  INFO -- : 0:  bundler (1.5.1) from /Users/hackreactor/.rvm/gems/ruby-2.0.0-p353@global/specifications/bundler-1.5.1.gemspec
